<?xml version="1.0" encoding="UTF-8"?>
<!-- Generated by org.testng.reporters.JUnitXMLReporter -->
<testsuite ignored="0" hostname="DESKTOP-A57KNHU" failures="0" tests="2" name="com.logindemoproject.testcase" time="7.408" errors="0" timestamp="2026-03-22T17:31:32 IST">
  <testcase classname="com.logindemoproject.testcase.TestCase" name="login" time="4.541"/>
  <testcase classname="com.logindemoproject.testcase.TestCase" name="logout" time="0.5"/>
</testsuite> <!-- com.logindemoproject.testcase -->
