<?xml version="1.0" encoding="UTF-8"?>
<testng-results ignored="0" total="2" passed="2" failed="0" skipped="0">
  <reporter-output>
  </reporter-output>
  <suite started-at="2026-03-22T17:31:25 IST" name="logindemoproject" finished-at="2026-03-22T17:31:32 IST" duration-ms="7408">
    <groups>
    </groups>
    <test started-at="2026-03-22T17:31:25 IST" name="com.logindemoproject.testcase" finished-at="2026-03-22T17:31:32 IST" duration-ms="7408">
      <class name="com.logindemoproject.testcase.TestCase">
        <test-method is-config="true" signature="setUp()[pri:0, instance:com.logindemoproject.testcase.TestCase@4c1d9d4b]" started-at="2026-03-22T17:31:25 IST" name="setUp" finished-at="2026-03-22T17:31:27 IST" duration-ms="1971" status="PASS">
          <reporter-output>
          </reporter-output>
        </test-method> <!-- setUp -->
        <test-method signature="login()[pri:0, instance:com.logindemoproject.testcase.TestCase@4c1d9d4b]" started-at="2026-03-22T17:31:27 IST" name="login" finished-at="2026-03-22T17:31:32 IST" duration-ms="4541" status="PASS">
          <reporter-output>
          </reporter-output>
        </test-method> <!-- login -->
        <test-method signature="logout()[pri:1, instance:com.logindemoproject.testcase.TestCase@4c1d9d4b]" started-at="2026-03-22T17:31:32 IST" name="logout" finished-at="2026-03-22T17:31:32 IST" duration-ms="500" status="PASS">
          <reporter-output>
          </reporter-output>
        </test-method> <!-- logout -->
      </class> <!-- com.logindemoproject.testcase.TestCase -->
    </test> <!-- com.logindemoproject.testcase -->
  </suite> <!-- logindemoproject -->
</testng-results>
