<?xml version="1.0" encoding="UTF-8"?>
<testng-results ignored="0" total="2" passed="2" failed="0" skipped="0">
  <reporter-output>
  </reporter-output>
  <suite started-at="2026-03-21T22:37:39 IST" name="logindemoproject" finished-at="2026-03-21T22:37:48 IST" duration-ms="9410">
    <groups>
    </groups>
    <test started-at="2026-03-21T22:37:39 IST" name="com.logindemoproject.testcase" finished-at="2026-03-21T22:37:48 IST" duration-ms="9410">
      <class name="com.logindemoproject.testcase.TestCase">
        <test-method is-config="true" signature="setUp()[pri:0, instance:com.logindemoproject.testcase.TestCase@20ce78ec]" started-at="2026-03-21T22:37:39 IST" name="setUp" finished-at="2026-03-21T22:37:44 IST" duration-ms="4145" status="PASS">
          <reporter-output>
          </reporter-output>
        </test-method> <!-- setUp -->
        <test-method signature="login()[pri:0, instance:com.logindemoproject.testcase.TestCase@20ce78ec]" started-at="2026-03-21T22:37:44 IST" name="login" finished-at="2026-03-21T22:37:47 IST" duration-ms="3583" status="PASS">
          <reporter-output>
          </reporter-output>
        </test-method> <!-- login -->
        <test-method signature="logout()[pri:1, instance:com.logindemoproject.testcase.TestCase@20ce78ec]" started-at="2026-03-21T22:37:47 IST" name="logout" finished-at="2026-03-21T22:37:48 IST" duration-ms="921" status="PASS">
          <reporter-output>
          </reporter-output>
        </test-method> <!-- logout -->
      </class> <!-- com.logindemoproject.testcase.TestCase -->
    </test> <!-- com.logindemoproject.testcase -->
  </suite> <!-- logindemoproject -->
</testng-results>
