<?xml version="1.0" encoding="UTF-8"?>
<testng-results ignored="0" total="2" passed="2" failed="0" skipped="0">
  <reporter-output>
  </reporter-output>
  <suite started-at="2026-03-19T22:04:47 IST" name="Default suite" finished-at="2026-03-19T22:05:02 IST" duration-ms="14931">
    <groups>
    </groups>
    <test started-at="2026-03-19T22:04:47 IST" name="Default test" finished-at="2026-03-19T22:05:02 IST" duration-ms="14931">
      <class name="com.logindemoproject.testcase.TestCase">
        <test-method is-config="true" signature="setUp()[pri:0, instance:com.logindemoproject.testcase.TestCase@20deea7f]" started-at="2026-03-19T22:04:47 IST" name="setUp" finished-at="2026-03-19T22:04:55 IST" duration-ms="8201" status="PASS">
          <reporter-output>
          </reporter-output>
        </test-method> <!-- setUp -->
        <test-method signature="login()[pri:0, instance:com.logindemoproject.testcase.TestCase@20deea7f]" started-at="2026-03-19T22:04:55 IST" name="login" finished-at="2026-03-19T22:05:01 IST" duration-ms="5793" status="PASS">
          <reporter-output>
          </reporter-output>
        </test-method> <!-- login -->
        <test-method signature="logout()[pri:1, instance:com.logindemoproject.testcase.TestCase@20deea7f]" started-at="2026-03-19T22:05:01 IST" name="logout" finished-at="2026-03-19T22:05:02 IST" duration-ms="838" status="PASS">
          <reporter-output>
          </reporter-output>
        </test-method> <!-- logout -->
      </class> <!-- com.logindemoproject.testcase.TestCase -->
    </test> <!-- Default test -->
  </suite> <!-- Default suite -->
</testng-results>
