<?xml version="1.0" encoding="UTF-8"?>
<!-- Generated by org.testng.reporters.JUnitReportReporter -->
<testsuite hostname="DESKTOP-A57KNHU" failures="0" tests="2" name="com.logindemoproject.testcase.TestCase" time="6.631" errors="0" timestamp="2026-03-19T22:05:02 IST" skipped="0">
  <testcase classname="com.logindemoproject.testcase.TestCase" name="login" time="5.793"/>
  <system-out/>
  <testcase classname="com.logindemoproject.testcase.TestCase" name="logout" time="0.838"/>
  <system-out/>
</testsuite> <!-- com.logindemoproject.testcase.TestCase -->
