<?xml version="1.0" encoding="UTF-8"?>
<!-- Generated by org.testng.reporters.JUnitReportReporter -->
<testsuite hostname="DESKTOP-A57KNHU" failures="0" tests="2" name="com.logindemoproject.testcase.Demo23" time="14.434" errors="0" timestamp="2026-03-18T12:43:29 IST" skipped="0">
  <testcase classname="com.logindemoproject.testcase.Demo23" name="login" time="5.400"/>
  <system-out/>
  <testcase classname="com.logindemoproject.testcase.Demo23" name="login" time="9.034"/>
  <system-out/>
</testsuite> <!-- com.logindemoproject.testcase.Demo23 -->
