<?xml version="1.0" encoding="UTF-8"?>
<!-- Generated by org.testng.reporters.JUnitXMLReporter -->
<testsuite ignored="0" hostname="DESKTOP-A57KNHU" failures="0" tests="2" name="com.logindemoproject.testcase" time="6.312" errors="0" timestamp="2026-03-17T10:18:42 IST">
  <testcase classname="com.logindemoproject.testcase.TestCase" name="login" time="3.606"/>
  <testcase classname="com.logindemoproject.testcase.TestCase" name="logout" time="0.593"/>
</testsuite> <!-- com.logindemoproject.testcase -->
