<?xml version="1.0" encoding="UTF-8"?>
<!-- Generated by org.testng.reporters.JUnitXMLReporter -->
<testsuite ignored="0" hostname="DESKTOP-A57KNHU" failures="0" tests="2" name="com.logindemoproject.testcase" time="9.41" errors="0" timestamp="2026-03-21T22:37:48 IST">
  <testcase classname="com.logindemoproject.testcase.TestCase" name="login" time="3.583"/>
  <testcase classname="com.logindemoproject.testcase.TestCase" name="logout" time="0.921"/>
</testsuite> <!-- com.logindemoproject.testcase -->
