<?xml version="1.0" encoding="UTF-8"?>
<!-- Generated by org.testng.reporters.JUnitReportReporter -->
<testsuite hostname="DESKTOP-A57KNHU" failures="0" tests="2" name="com.logindemoproject.testcase.TestCase" time="5.041" errors="0" timestamp="2026-03-22T17:31:33 IST" skipped="0">
  <testcase classname="com.logindemoproject.testcase.TestCase" name="login" time="4.541"/>
  <system-out/>
  <testcase classname="com.logindemoproject.testcase.TestCase" name="logout" time="0.500"/>
  <system-out/>
</testsuite> <!-- com.logindemoproject.testcase.TestCase -->
